{
	"/app/frontend/src/routes/home/show_comments.svelte": {
		"path": "/app/frontend/src/routes/home/show_comments.svelte",
		"all": false,
		"statementMap": {
			"0": { "start": { "line": 1, "column": 0 }, "end": { "line": 1, "column": 18 } },
			"1": { "start": { "line": 2, "column": 0 }, "end": { "line": 2, "column": 41 } },
			"2": { "start": { "line": 3, "column": 0 }, "end": { "line": 3, "column": 38 } },
			"3": { "start": { "line": 4, "column": 0 }, "end": { "line": 4, "column": 0 } },
			"4": { "start": { "line": 5, "column": 0 }, "end": { "line": 5, "column": 16 } },
			"5": { "start": { "line": 6, "column": 0 }, "end": { "line": 6, "column": 21 } },
			"6": { "start": { "line": 7, "column": 0 }, "end": { "line": 7, "column": 0 } },
			"7": { "start": { "line": 8, "column": 0 }, "end": { "line": 8, "column": 54 } },
			"8": { "start": { "line": 9, "column": 0 }, "end": { "line": 9, "column": 33 } },
			"9": { "start": { "line": 10, "column": 0 }, "end": { "line": 10, "column": 14 } },
			"10": { "start": { "line": 11, "column": 0 }, "end": { "line": 11, "column": 4 } },
			"11": { "start": { "line": 12, "column": 0 }, "end": { "line": 12, "column": 0 } },
			"12": { "start": { "line": 13, "column": 0 }, "end": { "line": 13, "column": 49 } },
			"13": { "start": { "line": 14, "column": 0 }, "end": { "line": 14, "column": 28 } },
			"14": { "start": { "line": 15, "column": 0 }, "end": { "line": 15, "column": 21 } },
			"15": { "start": { "line": 16, "column": 0 }, "end": { "line": 16, "column": 2 } },
			"16": { "start": { "line": 17, "column": 0 }, "end": { "line": 17, "column": 3 } },
			"17": { "start": { "line": 18, "column": 0 }, "end": { "line": 18, "column": 9 } },
			"18": { "start": { "line": 19, "column": 0 }, "end": { "line": 19, "column": 0 } },
			"19": { "start": { "line": 20, "column": 0 }, "end": { "line": 20, "column": 7 } },
			"20": { "start": { "line": 21, "column": 0 }, "end": { "line": 21, "column": 26 } },
			"21": { "start": { "line": 22, "column": 0 }, "end": { "line": 22, "column": 14 } },
			"22": { "start": { "line": 23, "column": 0 }, "end": { "line": 23, "column": 305 } },
			"23": { "start": { "line": 24, "column": 0 }, "end": { "line": 24, "column": 1 } },
			"24": { "start": { "line": 25, "column": 0 }, "end": { "line": 25, "column": 43 } },
			"25": { "start": { "line": 26, "column": 0 }, "end": { "line": 26, "column": 9 } },
			"26": { "start": { "line": 27, "column": 0 }, "end": { "line": 27, "column": 13 } },
			"27": { "start": { "line": 28, "column": 0 }, "end": { "line": 28, "column": 88 } },
			"28": { "start": { "line": 29, "column": 0 }, "end": { "line": 29, "column": 34 } },
			"29": { "start": { "line": 30, "column": 0 }, "end": { "line": 30, "column": 7 } },
			"30": { "start": { "line": 31, "column": 0 }, "end": { "line": 31, "column": 18 } },
			"31": { "start": { "line": 32, "column": 0 }, "end": { "line": 32, "column": 8 } },
			"32": { "start": { "line": 33, "column": 0 }, "end": { "line": 33, "column": 9 } },
			"33": { "start": { "line": 34, "column": 0 }, "end": { "line": 34, "column": 6 } },
			"34": { "start": { "line": 35, "column": 0 }, "end": { "line": 35, "column": 5 } }
		},
		"s": {
			"0": 1,
			"1": 1,
			"2": 1,
			"3": 1,
			"4": 1,
			"5": 1,
			"6": 1,
			"7": 1,
			"8": 1,
			"9": 1,
			"10": 1,
			"11": 1,
			"12": 1,
			"13": 1,
			"14": 1,
			"15": 1,
			"16": 1,
			"17": 1,
			"18": 1,
			"19": 1,
			"20": 1,
			"21": 1,
			"22": 1,
			"23": 1,
			"24": 1,
			"25": 1,
			"26": 1,
			"27": 1,
			"28": 1,
			"29": 1,
			"30": 1,
			"31": 1,
			"32": 1,
			"33": 1,
			"34": 1
		},
		"branchMap": {},
		"b": {},
		"fnMap": {},
		"f": {}
	},
	"/app/frontend/src/routes/home/show_post.svelte": {
		"path": "/app/frontend/src/routes/home/show_post.svelte",
		"all": false,
		"statementMap": {
			"0": { "start": { "line": 1, "column": 0 }, "end": { "line": 1, "column": 18 } },
			"1": { "start": { "line": 2, "column": 0 }, "end": { "line": 2, "column": 41 } },
			"2": { "start": { "line": 3, "column": 0 }, "end": { "line": 3, "column": 38 } },
			"3": { "start": { "line": 4, "column": 0 }, "end": { "line": 4, "column": 51 } },
			"4": { "start": { "line": 5, "column": 0 }, "end": { "line": 5, "column": 0 } },
			"5": { "start": { "line": 6, "column": 0 }, "end": { "line": 6, "column": 16 } },
			"6": { "start": { "line": 7, "column": 0 }, "end": { "line": 7, "column": 0 } },
			"7": { "start": { "line": 8, "column": 0 }, "end": { "line": 8, "column": 54 } },
			"8": { "start": { "line": 9, "column": 0 }, "end": { "line": 9, "column": 33 } },
			"9": { "start": { "line": 10, "column": 0 }, "end": { "line": 10, "column": 14 } },
			"10": { "start": { "line": 11, "column": 0 }, "end": { "line": 11, "column": 4 } },
			"11": { "start": { "line": 12, "column": 0 }, "end": { "line": 12, "column": 9 } },
			"12": { "start": { "line": 13, "column": 0 }, "end": { "line": 13, "column": 0 } },
			"13": { "start": { "line": 14, "column": 0 }, "end": { "line": 14, "column": 98 } },
			"14": { "start": { "line": 15, "column": 0 }, "end": { "line": 15, "column": 19 } },
			"15": { "start": { "line": 16, "column": 0 }, "end": { "line": 16, "column": 53 } },
			"16": { "start": { "line": 17, "column": 0 }, "end": { "line": 17, "column": 27 } },
			"17": { "start": { "line": 18, "column": 0 }, "end": { "line": 18, "column": 52 } },
			"18": { "start": { "line": 19, "column": 0 }, "end": { "line": 19, "column": 33 } },
			"19": { "start": { "line": 20, "column": 0 }, "end": { "line": 20, "column": 97 } },
			"20": { "start": { "line": 21, "column": 0 }, "end": { "line": 21, "column": 4 } },
			"21": { "start": { "line": 22, "column": 0 }, "end": { "line": 22, "column": 6 } },
			"22": { "start": { "line": 23, "column": 0 }, "end": { "line": 23, "column": 33 } },
			"23": { "start": { "line": 24, "column": 0 }, "end": { "line": 24, "column": 51 } },
			"24": { "start": { "line": 25, "column": 0 }, "end": { "line": 25, "column": 33 } },
			"25": { "start": { "line": 26, "column": 0 }, "end": { "line": 26, "column": 5 } },
			"26": { "start": { "line": 27, "column": 0 }, "end": { "line": 27, "column": 68 } },
			"27": { "start": { "line": 28, "column": 0 }, "end": { "line": 28, "column": 19 } },
			"28": { "start": { "line": 29, "column": 0 }, "end": { "line": 29, "column": 36 } },
			"29": { "start": { "line": 30, "column": 0 }, "end": { "line": 30, "column": 4 } },
			"30": { "start": { "line": 31, "column": 0 }, "end": { "line": 31, "column": 6 } },
			"31": { "start": { "line": 32, "column": 0 }, "end": { "line": 32, "column": 0 } },
			"32": { "start": { "line": 33, "column": 0 }, "end": { "line": 33, "column": 54 } },
			"33": { "start": { "line": 34, "column": 0 }, "end": { "line": 34, "column": 18 } },
			"34": { "start": { "line": 35, "column": 0 }, "end": { "line": 35, "column": 8 } },
			"35": { "start": { "line": 36, "column": 0 }, "end": { "line": 36, "column": 48 } },
			"36": { "start": { "line": 37, "column": 0 }, "end": { "line": 37, "column": 6 } },
			"37": { "start": { "line": 38, "column": 0 }, "end": { "line": 38, "column": 6 } }
		},
		"s": {
			"0": 1,
			"1": 1,
			"2": 1,
			"3": 1,
			"4": 1,
			"5": 1,
			"6": 1,
			"7": 1,
			"8": 1,
			"9": 1,
			"10": 1,
			"11": 1,
			"12": 1,
			"13": 1,
			"14": 1,
			"15": 1,
			"16": 1,
			"17": 1,
			"18": 1,
			"19": 1,
			"20": 1,
			"21": 1,
			"22": 1,
			"23": 1,
			"24": 1,
			"25": 1,
			"26": 1,
			"27": 1,
			"28": 1,
			"29": 1,
			"30": 1,
			"31": 1,
			"32": 1,
			"33": 1,
			"34": 1,
			"35": 1,
			"36": 1,
			"37": 1
		},
		"branchMap": {},
		"b": {},
		"fnMap": {},
		"f": {}
	},
	"/app/frontend/src/routes/home/store.ts": {
		"path": "/app/frontend/src/routes/home/store.ts",
		"all": false,
		"statementMap": {
			"0": { "start": { "line": 1, "column": 0 }, "end": { "line": 1, "column": 40 } },
			"1": { "start": { "line": 2, "column": 0 }, "end": { "line": 2, "column": 46 } },
			"2": { "start": { "line": 3, "column": 0 }, "end": { "line": 3, "column": 0 } },
			"3": { "start": { "line": 4, "column": 0 }, "end": { "line": 4, "column": 84 } },
			"4": { "start": { "line": 5, "column": 0 }, "end": { "line": 5, "column": 44 } },
			"5": { "start": { "line": 6, "column": 0 }, "end": { "line": 6, "column": 0 } },
			"6": { "start": { "line": 7, "column": 0 }, "end": { "line": 7, "column": 41 } },
			"7": { "start": { "line": 8, "column": 0 }, "end": { "line": 8, "column": 41 } }
		},
		"s": { "0": 1, "1": 1, "2": 1, "3": 1, "4": 1, "5": 1, "6": 1, "7": 1 },
		"branchMap": {
			"0": {
				"type": "branch",
				"line": 7,
				"loc": { "start": { "line": 7, "column": 39 }, "end": { "line": 7, "column": 41 } },
				"locations": [{ "start": { "line": 7, "column": 39 }, "end": { "line": 7, "column": 41 } }]
			}
		},
		"b": { "0": [3] },
		"fnMap": {
			"0": {
				"name": "get",
				"decl": { "start": { "line": 7, "column": 39 }, "end": { "line": 7, "column": 41 } },
				"loc": { "start": { "line": 7, "column": 39 }, "end": { "line": 7, "column": 41 } },
				"line": 7
			},
			"1": {
				"name": "get",
				"decl": { "start": { "line": 8, "column": 39 }, "end": { "line": 8, "column": 41 } },
				"loc": { "start": { "line": 8, "column": 39 }, "end": { "line": 8, "column": 41 } },
				"line": 8
			}
		},
		"f": { "0": 3, "1": 0 }
	}
}
